[+] Containers:
 |- [+] Container: /Game/Chess/Maps/ChessMap
 |   |- [+] ActorDescs:
 |   |   |- Guid:03920DF94EEFC9F86CC66185D32A3DA1 BaseClass: NativeClass:/Script/Engine.StaticMeshActor Name:StaticMeshActor_UAID_A4AE111137DC54FB00_1240666663 Label:SM_SkySphere SpatiallyLoaded:0 Bounds:IsValid=true, Min=(X=-1638400.000 Y=-1638400.000 Z=-1638400.000), Max=(X=1638400.000 Y=1638400.000 Z=1638400.000) RuntimeGrid:None EditorOnly:0 RuntimeOnly:0 HLODRelevant:0 ListedInSceneOutliner:1 IsMainWorldOnly:1 FolderPath:Lighting FolderGuid:B7E9BD5B45A652654791988DEF54CCEB
 |   |   |- Guid:1D3D26F04B6DC10BEFB5B69E5CF914C8 BaseClass: NativeClass:/Script/Engine.VolumetricCloud Name:VolumetricCloud_UAID_A85E45CFE40401D200_1470381760 Label:VolumetricCloud SpatiallyLoaded:0 Bounds:IsValid=true, Min=(X=0.000 Y=0.000 Z=0.000), Max=(X=0.000 Y=0.000 Z=0.000) RuntimeGrid:None EditorOnly:0 RuntimeOnly:0 HLODRelevant:0 ListedInSceneOutliner:1 IsMainWorldOnly:0 FolderPath:Lighting FolderGuid:B7E9BD5B45A652654791988DEF54CCEB
 |   |   |- Guid:1DE8D7AC4103A2EABA11649C7FCF8ACA BaseClass: NativeClass:/Script/Engine.SkyLight Name:SkyLight_UAID_A85E45CFE40401D200_1470380759 Label:SkyLight SpatiallyLoaded:0 Bounds:IsValid=true, Min=(X=0.000 Y=0.000 Z=0.000), Max=(X=0.000 Y=0.000 Z=0.000) RuntimeGrid:None EditorOnly:0 RuntimeOnly:0 HLODRelevant:0 ListedInSceneOutliner:1 IsMainWorldOnly:0 FolderPath:Lighting FolderGuid:B7E9BD5B45A652654791988DEF54CCEB
 |   |   |- Guid:1ECBAC7045988AEEFE81CCA8AE9FE662 BaseClass:/Game/Chess/Blueprints/ChessBoard/BP_ChessBoard.BP_ChessBoard_C NativeClass:/Script/Engine.Actor Name:BP_ChessBoard_C_UAID_7C10C91D37F763F301_1561741191 Label:BP_ChessBoard SpatiallyLoaded:1 Bounds:IsValid=true, Min=(X=0.000 Y=0.000 Z=0.000), Max=(X=0.000 Y=0.000 Z=0.000) RuntimeGrid:None EditorOnly:0 RuntimeOnly:0 HLODRelevant:0 ListedInSceneOutliner:1 IsMainWorldOnly:0
 |   |   |- Guid:2CE12F874AA39D020A0F4BA5739BD305 BaseClass: NativeClass:/Script/Engine.SkyAtmosphere Name:SkyAtmosphere_UAID_A85E45CFE40401D200_1470382762 Label:SkyAtmosphere SpatiallyLoaded:0 Bounds:IsValid=true, Min=(X=0.000 Y=0.000 Z=0.000), Max=(X=0.000 Y=0.000 Z=0.000) RuntimeGrid:None EditorOnly:0 RuntimeOnly:0 HLODRelevant:0 ListedInSceneOutliner:1 IsMainWorldOnly:0 FolderPath:Lighting FolderGuid:B7E9BD5B45A652654791988DEF54CCEB
 |   |   |- Guid:5368FABB47D6D9580DAECA8B0417BF92 BaseClass: NativeClass:/Script/Engine.WorldDataLayers Name:WorldDataLayers Label:WorldDataLayers-1 SpatiallyLoaded:0 Bounds:Invalid RuntimeGrid:None EditorOnly:0 RuntimeOnly:0 HLODRelevant:0 ListedInSceneOutliner:1 IsMainWorldOnly:1
 |   |   |- Guid:962D6BE34E7839A2A94E65B8F6CE5D43 BaseClass: NativeClass:/Script/Engine.PlayerStart Name:PlayerStart_UAID_F02F74551BF5599B01_1153002503 Label:PlayerStart SpatiallyLoaded:0 Bounds:IsValid=true, Min=(X=-240.000 Y=-40.000 Z=0.000), Max=(X=-160.000 Y=40.000 Z=184.000) RuntimeGrid:None EditorOnly:0 RuntimeOnly:0 HLODRelevant:0 ListedInSceneOutliner:1 IsMainWorldOnly:0
 |   |   |- Guid:AAAC6B5742760A58C2206DB37E44683C BaseClass: NativeClass:/Script/Engine.DirectionalLight Name:DirectionalLight_UAID_A85E45CFE40401D200_1470382761 Label:DirectionalLight SpatiallyLoaded:0 Bounds:Invalid RuntimeGrid:None EditorOnly:0 RuntimeOnly:0 HLODRelevant:0 ListedInSceneOutliner:1 IsMainWorldOnly:1 FolderPath:Lighting FolderGuid:B7E9BD5B45A652654791988DEF54CCEB
 |   |   |- Guid:AACB1FA240B58382552095A9B9004B36 BaseClass: NativeClass:/Script/Engine.StaticMeshActor Name:StaticMeshActor_UAID_7C10C91D37F74C0002_1474211872 Label:SM_Rook SpatiallyLoaded:1 Bounds:IsValid=true, Min=(X=40.000 Y=440.000 Z=310.000), Max=(X=40.000 Y=440.000 Z=310.000) RuntimeGrid:None EditorOnly:0 RuntimeOnly:0 HLODRelevant:0 ListedInSceneOutliner:1 IsMainWorldOnly:0
 |   |   |- Guid:D3FB7383421AAEFD3DB6F8B1E415A9FE BaseClass: NativeClass:/Script/Engine.ExponentialHeightFog Name:ExponentialHeightFog_UAID_A85E45CFE40401D200_1470382763 Label:ExponentialHeightFog SpatiallyLoaded:0 Bounds:IsValid=true, Min=(X=-5600.000 Y=-50.000 Z=-6850.000), Max=(X=-5600.000 Y=-50.000 Z=-6850.000) RuntimeGrid:None EditorOnly:0 RuntimeOnly:0 HLODRelevant:0 ListedInSceneOutliner:1 IsMainWorldOnly:0 FolderPath:Lighting FolderGuid:B7E9BD5B45A652654791988DEF54CCEB
 |   |- [+] Clusters:
 |   |   |- [+] [  0]
 |   |   |   |- Guid:03920DF94EEFC9F86CC66185D32A3DA1 BaseClass: NativeClass:/Script/Engine.StaticMeshActor Name:StaticMeshActor_UAID_A4AE111137DC54FB00_1240666663 Label:SM_SkySphere SpatiallyLoaded:0 Bounds:IsValid=true, Min=(X=-1638400.000 Y=-1638400.000 Z=-1638400.000), Max=(X=1638400.000 Y=1638400.000 Z=1638400.000) RuntimeGrid:None EditorOnly:0 RuntimeOnly:0 HLODRelevant:0 ListedInSceneOutliner:1 IsMainWorldOnly:1 FolderPath:Lighting FolderGuid:B7E9BD5B45A652654791988DEF54CCEB
 |   |   |- [+] [  1]
 |   |   |   |- Guid:1D3D26F04B6DC10BEFB5B69E5CF914C8 BaseClass: NativeClass:/Script/Engine.VolumetricCloud Name:VolumetricCloud_UAID_A85E45CFE40401D200_1470381760 Label:VolumetricCloud SpatiallyLoaded:0 Bounds:IsValid=true, Min=(X=0.000 Y=0.000 Z=0.000), Max=(X=0.000 Y=0.000 Z=0.000) RuntimeGrid:None EditorOnly:0 RuntimeOnly:0 HLODRelevant:0 ListedInSceneOutliner:1 IsMainWorldOnly:0 FolderPath:Lighting FolderGuid:B7E9BD5B45A652654791988DEF54CCEB
 |   |   |- [+] [  2]
 |   |   |   |- Guid:1DE8D7AC4103A2EABA11649C7FCF8ACA BaseClass: NativeClass:/Script/Engine.SkyLight Name:SkyLight_UAID_A85E45CFE40401D200_1470380759 Label:SkyLight SpatiallyLoaded:0 Bounds:IsValid=true, Min=(X=0.000 Y=0.000 Z=0.000), Max=(X=0.000 Y=0.000 Z=0.000) RuntimeGrid:None EditorOnly:0 RuntimeOnly:0 HLODRelevant:0 ListedInSceneOutliner:1 IsMainWorldOnly:0 FolderPath:Lighting FolderGuid:B7E9BD5B45A652654791988DEF54CCEB
 |   |   |- [+] [  3]
 |   |   |   |- Guid:1ECBAC7045988AEEFE81CCA8AE9FE662 BaseClass:/Game/Chess/Blueprints/ChessBoard/BP_ChessBoard.BP_ChessBoard_C NativeClass:/Script/Engine.Actor Name:BP_ChessBoard_C_UAID_7C10C91D37F763F301_1561741191 Label:BP_ChessBoard SpatiallyLoaded:1 Bounds:IsValid=true, Min=(X=0.000 Y=0.000 Z=0.000), Max=(X=0.000 Y=0.000 Z=0.000) RuntimeGrid:None EditorOnly:0 RuntimeOnly:0 HLODRelevant:0 ListedInSceneOutliner:1 IsMainWorldOnly:0
 |   |   |- [+] [  4]
 |   |   |   |- Guid:2CE12F874AA39D020A0F4BA5739BD305 BaseClass: NativeClass:/Script/Engine.SkyAtmosphere Name:SkyAtmosphere_UAID_A85E45CFE40401D200_1470382762 Label:SkyAtmosphere SpatiallyLoaded:0 Bounds:IsValid=true, Min=(X=0.000 Y=0.000 Z=0.000), Max=(X=0.000 Y=0.000 Z=0.000) RuntimeGrid:None EditorOnly:0 RuntimeOnly:0 HLODRelevant:0 ListedInSceneOutliner:1 IsMainWorldOnly:0 FolderPath:Lighting FolderGuid:B7E9BD5B45A652654791988DEF54CCEB
 |   |   |- [+] [  5]
 |   |   |   |- Guid:5368FABB47D6D9580DAECA8B0417BF92 BaseClass: NativeClass:/Script/Engine.WorldDataLayers Name:WorldDataLayers Label:WorldDataLayers-1 SpatiallyLoaded:0 Bounds:Invalid RuntimeGrid:None EditorOnly:0 RuntimeOnly:0 HLODRelevant:0 ListedInSceneOutliner:1 IsMainWorldOnly:1
 |   |   |- [+] [  6]
 |   |   |   |- Guid:962D6BE34E7839A2A94E65B8F6CE5D43 BaseClass: NativeClass:/Script/Engine.PlayerStart Name:PlayerStart_UAID_F02F74551BF5599B01_1153002503 Label:PlayerStart SpatiallyLoaded:0 Bounds:IsValid=true, Min=(X=-240.000 Y=-40.000 Z=0.000), Max=(X=-160.000 Y=40.000 Z=184.000) RuntimeGrid:None EditorOnly:0 RuntimeOnly:0 HLODRelevant:0 ListedInSceneOutliner:1 IsMainWorldOnly:0
 |   |   |- [+] [  7]
 |   |   |   |- Guid:AAAC6B5742760A58C2206DB37E44683C BaseClass: NativeClass:/Script/Engine.DirectionalLight Name:DirectionalLight_UAID_A85E45CFE40401D200_1470382761 Label:DirectionalLight SpatiallyLoaded:0 Bounds:Invalid RuntimeGrid:None EditorOnly:0 RuntimeOnly:0 HLODRelevant:0 ListedInSceneOutliner:1 IsMainWorldOnly:1 FolderPath:Lighting FolderGuid:B7E9BD5B45A652654791988DEF54CCEB
 |   |   |- [+] [  8]
 |   |   |   |- Guid:AACB1FA240B58382552095A9B9004B36 BaseClass: NativeClass:/Script/Engine.StaticMeshActor Name:StaticMeshActor_UAID_7C10C91D37F74C0002_1474211872 Label:SM_Rook SpatiallyLoaded:1 Bounds:IsValid=true, Min=(X=40.000 Y=440.000 Z=310.000), Max=(X=40.000 Y=440.000 Z=310.000) RuntimeGrid:None EditorOnly:0 RuntimeOnly:0 HLODRelevant:0 ListedInSceneOutliner:1 IsMainWorldOnly:0
 |   |   |- [+] [  9]
 |   |   |   |- Guid:D3FB7383421AAEFD3DB6F8B1E415A9FE BaseClass: NativeClass:/Script/Engine.ExponentialHeightFog Name:ExponentialHeightFog_UAID_A85E45CFE40401D200_1470382763 Label:ExponentialHeightFog SpatiallyLoaded:0 Bounds:IsValid=true, Min=(X=-5600.000 Y=-50.000 Z=-6850.000), Max=(X=-5600.000 Y=-50.000 Z=-6850.000) RuntimeGrid:None EditorOnly:0 RuntimeOnly:0 HLODRelevant:0 ListedInSceneOutliner:1 IsMainWorldOnly:0 FolderPath:Lighting FolderGuid:B7E9BD5B45A652654791988DEF54CCEB
 |- ContainerInstances:
 |- [+] MainContainer:
 |   |-        ID: 00000000000000000000000000000000
 |   |-  ParentID: 00000000000000000000000000000000
 |   |-    Bounds: IsValid=true, Min=(X=0.000 Y=0.000 Z=0.000), Max=(X=40.000 Y=440.000 Z=310.000)
 |   |- Transform: 0.000000,0.000000,0.000000|0.000000,0.000000,-0.000000|1.000000,1.000000,1.000000
 |   |- Container: /Game/Chess/Maps/ChessMap
----------------------------------------------------------------------------------------------------------------
ChessMap - Persistent Level
----------------------------------------------------------------------------------------------------------------
[+] Content of ChessMap Persistent Level
 |- Always loaded Actor Count: 8 
 |- Actor Path: /Game/Chess/Maps/UEDPIE_1_ChessMap.ChessMap:PersistentLevel.DirectionalLight_UAID_A85E45CFE40401D200_1470382761
 |- Actor Package: /Game/Chess/Maps/UEDPIE_1_ChessMap_InstanceOf_/Game/__ExternalActors__/Chess/Maps/ChessMap/2/1I/CLLF5738V3NAK76KNXK1U8
 |- Actor Path: /Game/Chess/Maps/UEDPIE_1_ChessMap.ChessMap:PersistentLevel.ExponentialHeightFog_UAID_A85E45CFE40401D200_1470382763
 |- Actor Package: /Game/Chess/Maps/UEDPIE_1_ChessMap_InstanceOf_/Game/__ExternalActors__/Chess/Maps/ChessMap/C/55/K1LL26B708G72NZM3CQ9EC
 |- Actor Path: /Game/Chess/Maps/UEDPIE_1_ChessMap.ChessMap:PersistentLevel.PlayerStart_UAID_F02F74551BF5599B01_1153002503
 |- Actor Package: /Game/Chess/Maps/UEDPIE_1_ChessMap_InstanceOf_/Game/__ExternalActors__/Chess/Maps/ChessMap/8/11/7PJCKAOUG7RK30RUOTJAEP
 |- Actor Path: /Game/Chess/Maps/UEDPIE_1_ChessMap.ChessMap:PersistentLevel.SkyAtmosphere_UAID_A85E45CFE40401D200_1470382762
 |- Actor Package: /Game/Chess/Maps/UEDPIE_1_ChessMap_InstanceOf_/Game/__ExternalActors__/Chess/Maps/ChessMap/E/U2/92VIX8CMF76K2NAXT6M7RN
 |- Actor Path: /Game/Chess/Maps/UEDPIE_1_ChessMap.ChessMap:PersistentLevel.SkyLight_UAID_A85E45CFE40401D200_1470380759
 |- Actor Package: /Game/Chess/Maps/UEDPIE_1_ChessMap_InstanceOf_/Game/__ExternalActors__/Chess/Maps/ChessMap/D/C4/5NXA3ZPASVXQE3H71KEVAU
 |- Actor Path: /Game/Chess/Maps/UEDPIE_1_ChessMap.ChessMap:PersistentLevel.StaticMeshActor_UAID_A4AE111137DC54FB00_1240666663
 |- Actor Package: /Game/Chess/Maps/UEDPIE_1_ChessMap_InstanceOf_/Game/__ExternalActors__/Chess/Maps/ChessMap/3/RX/QTE9IGFF76H44SVDWIFBI3
 |- Actor Path: /Game/Chess/Maps/UEDPIE_1_ChessMap.ChessMap:PersistentLevel.VolumetricCloud_UAID_A85E45CFE40401D200_1470381760
 |- Actor Package: /Game/Chess/Maps/UEDPIE_1_ChessMap_InstanceOf_/Game/__ExternalActors__/Chess/Maps/ChessMap/8/13/GHZNEQV5ZCKCAOMETCQUEX
 |- Actor Path: /Game/Chess/Maps/UEDPIE_1_ChessMap.ChessMap:PersistentLevel.WorldDataLayers
 |- Actor Package: /Game/__ExternalActors__/Chess/Maps/ChessMap/8/JO/C3RB69HM76ZONRMNMLWTFY

----------------------------------------------------------------------------------------------------------------
ChessMap - Runtime Hash Set
----------------------------------------------------------------------------------------------------------------
[+] Content of Cell ChessMap_MainGrid_0_0_0_0 (EQ8B93X1HQ6MIQ9TZDCTJ7JZS)
 |- Actor Count: 2
 |- [+] /Game/Chess/Maps/UEDPIE_1_ChessMap.ChessMap:PersistentLevel.BP_ChessBoard_C_UAID_7C10C91D37F763F301_1561741191
 |   |-         Package: /Game/__ExternalActors__/Chess/Maps/ChessMap/1/UI/MG2CGZ8LYQLEMOZ26CMHH4
 |   |-     Editor Only: 0
 |   |-   Instance Guid: 1ECBAC7045988AEEFE81CCA8AE9FE662
 |   |- [+] Container:
 |   |   |-        ID: 00000000000000000000000000000000
 |   |   |- Transform: 0.000000,0.000000,0.000000|0.000000,0.000000,-0.000000|1.000000,1.000000,1.000000
 |- [+] /Game/Chess/Maps/UEDPIE_1_ChessMap.ChessMap:PersistentLevel.StaticMeshActor_UAID_7C10C91D37F74C0002_1474211872
 |   |-         Package: /Game/__ExternalActors__/Chess/Maps/ChessMap/4/WG/K6YW3U9XH4BZL97TJADQTI
 |   |-     Editor Only: 0
 |   |-   Instance Guid: AACB1FA240B58382552095A9B9004B36
 |   |- [+] Container:
 |   |   |-        ID: 00000000000000000000000000000000
 |   |   |- Transform: 0.000000,0.000000,0.000000|0.000000,0.000000,-0.000000|1.000000,1.000000,1.000000

